build/build/app/intermediates/manifest_merge_blame_file/debug/manifest-merger-blame-debug-report.txt
1<?xml version="1.0" encoding="utf-8"?>
2<manifest xmlns:android="http://schemas.android.com/apk/res/android"
3    package="com.example.hackathon_app"
4    android:versionCode="1"
5    android:versionName="1.0.0" >
6
7    <uses-sdk
8        android:minSdkVersion="20"
9        android:targetSdkVersion="28" />
10    <!--
11         Flutter needs it to communicate with the running application
12         to allow setting breakpoints, to provide hot reload, etc.
13    -->
14    <uses-permission android:name="android.permission.INTERNET" />
14-->src\debug\AndroidManifest.xml:6:5-66
14-->src\debug\AndroidManifest.xml:6:22-64
15    <uses-permission android:name="android.permission.CAMERA" />
15-->[:flutter_barcode_scanner] AndroidManifest.xml:9:5-65
15-->[:flutter_barcode_scanner] AndroidManifest.xml:9:22-62
16
17    <uses-feature android:name="android.hardware.camera" />
17-->[:flutter_barcode_scanner] AndroidManifest.xml:11:5-60
17-->[:flutter_barcode_scanner] AndroidManifest.xml:11:19-57
18
19    <uses-permission android:name="android.permission.FLASHLIGHT" />
19-->[:flutter_barcode_scanner] AndroidManifest.xml:13:5-69
19-->[:flutter_barcode_scanner] AndroidManifest.xml:13:22-66
20    <!--
21 io.flutter.app.FlutterApplication is an android.app.Application that
22         calls FlutterMain.startInitialization(this); in its onCreate method.
23         In most cases you can leave this as-is, but you if you want to provide
24         additional functionality it is fine to subclass or reimplement
25         FlutterApplication and put your custom class here.
26    -->
27    <application
27-->src\main\AndroidManifest.xml:8:5-46:19
28        android:name="io.flutter.app.FlutterApplication"
28-->src\main\AndroidManifest.xml:9:9-57
29        android:appComponentFactory="androidx.core.app.CoreComponentFactory"
29-->[androidx.core:core:1.1.0] AndroidManifest.xml:24:18-86
30        android:debuggable="true"
31        android:icon="@mipmap/ic_launcher"
31-->src\main\AndroidManifest.xml:11:9-43
32        android:label="hackathon_app"
32-->src\main\AndroidManifest.xml:10:9-38
33        android:largeHeap="true"
33-->[:flutter_barcode_scanner] AndroidManifest.xml:16:9-33
34        android:theme="@style/Theme.AppCompat.NoActionBar" >
34-->[:flutter_barcode_scanner] AndroidManifest.xml:17:9-59
35        <activity
35-->src\main\AndroidManifest.xml:12:9-40:20
36            android:name="com.example.hackathon_app.MainActivity"
36-->src\main\AndroidManifest.xml:13:13-41
37            android:configChanges="orientation|keyboardHidden|keyboard|screenSize|smallestScreenSize|locale|layoutDirection|fontScale|screenLayout|density|uiMode"
37-->src\main\AndroidManifest.xml:16:13-163
38            android:hardwareAccelerated="true"
38-->src\main\AndroidManifest.xml:17:13-47
39            android:launchMode="singleTop"
39-->src\main\AndroidManifest.xml:14:13-43
40            android:theme="@style/LaunchTheme"
40-->src\main\AndroidManifest.xml:15:13-47
41            android:windowSoftInputMode="adjustResize" >
41-->src\main\AndroidManifest.xml:18:13-55
42
43            <!--
44                 Specifies an Android theme to apply to this Activity as soon as
45                 the Android process has started. This theme is visible to the user
46                 while the Flutter UI initializes. After that, this theme continues
47                 to determine the Window background behind the Flutter UI.
48            -->
49            <meta-data
49-->src\main\AndroidManifest.xml:23:13-26:17
50                android:name="io.flutter.embedding.android.NormalTheme"
50-->src\main\AndroidManifest.xml:24:15-70
51                android:resource="@style/NormalTheme" />
51-->src\main\AndroidManifest.xml:25:15-52
52            <!--
53                 Displays an Android View that continues showing the launch screen
54                 Drawable until Flutter paints its first frame, then this splash
55                 screen fades out. A splash screen is useful to avoid any visual
56                 gap between the end of Android's launch screen and the painting of
57                 Flutter's first frame.
58            -->
59            <meta-data
59-->src\main\AndroidManifest.xml:32:13-35:17
60                android:name="io.flutter.embedding.android.SplashScreenDrawable"
60-->src\main\AndroidManifest.xml:33:15-79
61                android:resource="@drawable/launch_background" />
61-->src\main\AndroidManifest.xml:34:15-61
62
63            <intent-filter>
63-->src\main\AndroidManifest.xml:36:13-39:29
64                <action android:name="android.intent.action.MAIN" />
64-->src\main\AndroidManifest.xml:37:17-68
64-->src\main\AndroidManifest.xml:37:25-66
65
66                <category android:name="android.intent.category.LAUNCHER" />
66-->src\main\AndroidManifest.xml:38:17-76
66-->src\main\AndroidManifest.xml:38:27-74
67            </intent-filter>
68        </activity>
69        <!--
70             Don't delete the meta-data below.
71             This is used by the Flutter tool to generate GeneratedPluginRegistrant.java
72        -->
73        <meta-data
73-->src\main\AndroidManifest.xml:43:9-45:33
74            android:name="flutterEmbedding"
74-->src\main\AndroidManifest.xml:44:13-44
75            android:value="2" />
75-->src\main\AndroidManifest.xml:45:13-30
76
77        <activity
77-->[:razorpay_flutter] AndroidManifest.xml:8:9-11:20
78            android:name="com.razorpay.CheckoutActivity"
78-->[:razorpay_flutter] AndroidManifest.xml:9:13-57
79            android:configChanges="keyboard|keyboardHidden|orientation|screenSize"
79-->[com.razorpay:checkout:1.5.16] AndroidManifest.xml:20:13-83
80            android:label="Razorpay Checkout"
80-->[:razorpay_flutter] AndroidManifest.xml:10:13-46
81            android:theme="@style/CheckoutTheme" >
81-->[com.razorpay:checkout:1.5.16] AndroidManifest.xml:21:13-49
82            <intent-filter>
82-->[com.razorpay:checkout:1.5.16] AndroidManifest.xml:22:13-28:29
83                <action android:name="android.intent.action.MAIN" />
83-->src\main\AndroidManifest.xml:37:17-68
83-->src\main\AndroidManifest.xml:37:25-66
84
85                <data
85-->[com.razorpay:checkout:1.5.16] AndroidManifest.xml:25:17-27:47
86                    android:host="rzp.io"
86-->[com.razorpay:checkout:1.5.16] AndroidManifest.xml:26:21-42
87                    android:scheme="io.rzp" />
87-->[com.razorpay:checkout:1.5.16] AndroidManifest.xml:27:21-44
88            </intent-filter>
89        </activity>
90        <activity android:name="com.amolg.flutterbarcodescanner.BarcodeCaptureActivity" />
90-->[:flutter_barcode_scanner] AndroidManifest.xml:18:9-91
90-->[:flutter_barcode_scanner] AndroidManifest.xml:18:19-88
91        <activity
91-->[com.google.android.gms:play-services-base:17.0.0] AndroidManifest.xml:23:9-26:75
92            android:name="com.google.android.gms.common.api.GoogleApiActivity"
92-->[com.google.android.gms:play-services-base:17.0.0] AndroidManifest.xml:24:13-79
93            android:exported="false"
93-->[com.google.android.gms:play-services-base:17.0.0] AndroidManifest.xml:25:13-37
94            android:theme="@android:style/Theme.Translucent.NoTitleBar" />
94-->[com.google.android.gms:play-services-base:17.0.0] AndroidManifest.xml:26:13-72
95
96        <meta-data
96-->[com.google.android.gms:play-services-basement:17.0.0] AndroidManifest.xml:23:9-25:69
97            android:name="com.google.android.gms.version"
97-->[com.google.android.gms:play-services-basement:17.0.0] AndroidManifest.xml:24:13-58
98            android:value="@integer/google_play_services_version" />
98-->[com.google.android.gms:play-services-basement:17.0.0] AndroidManifest.xml:25:13-66
99
100        <receiver android:name="com.razorpay.RzpTokenReceiver" >
100-->[com.razorpay:checkout:1.5.16] AndroidManifest.xml:12:9-16:20
100-->[com.razorpay:checkout:1.5.16] AndroidManifest.xml:12:19-63
101            <intent-filter>
101-->[com.razorpay:checkout:1.5.16] AndroidManifest.xml:13:13-15:29
102                <action android:name="rzp.device_token.share" />
102-->[com.razorpay:checkout:1.5.16] AndroidManifest.xml:14:17-65
102-->[com.razorpay:checkout:1.5.16] AndroidManifest.xml:14:25-62
103            </intent-filter>
104        </receiver>
105    </application>
106
107</manifest>